<?xml version="1.0" encoding="UTF-8"?>
<!-- Generated by org.testng.reporters.JUnitXMLReporter -->
<testsuite ignored="0" hostname="LAPTOP-978CN6RD" failures="0" tests="3" name="Default test" time="0.077" errors="0" timestamp="2022-05-27T16:44:15 IST">
  <testcase classname="InitialTest.SampleTestClass" name="@BeforeTest launchCrossBrowser" time="-1.653650055172E9">
    <failure type="org.testng.TestNGException" message="
Parameter &amp;apos;browserName&amp;apos; is required by BeforeTest on method launchCrossBrowser but has not been marked @Optional or defined
in C:\Users\vijay\AppData\Local\Temp\testng-eclipse--1390694902\testng-customsuite.xml">
      <![CDATA[org.testng.TestNGException: 
Parameter 'browserName' is required by BeforeTest on method launchCrossBrowser but has not been marked @Optional or defined
in C:\Users\vijay\AppData\Local\Temp\testng-eclipse--1390694902\testng-customsuite.xml
at org.testng.internal.Parameters.createParams(Parameters.java:270)
at org.testng.internal.Parameters.createParametersForMethod(Parameters.java:358)
at org.testng.internal.Parameters.createParameters(Parameters.java:700)
at org.testng.internal.Parameters.createConfigurationParameters(Parameters.java:168)
at org.testng.internal.ConfigInvoker.invokeConfigurations(ConfigInvoker.java:302)
at org.testng.TestRunner.invokeTestConfigurations(TestRunner.java:637)
at org.testng.TestRunner.beforeRun(TestRunner.java:627)
at org.testng.TestRunner.run(TestRunner.java:589)
at org.testng.SuiteRunner.runTest(SuiteRunner.java:377)
at org.testng.SuiteRunner.runSequentially(SuiteRunner.java:371)
at org.testng.SuiteRunner.privateRun(SuiteRunner.java:332)
at org.testng.SuiteRunner.run(SuiteRunner.java:276)
at org.testng.SuiteRunnerWorker.runSuite(SuiteRunnerWorker.java:53)
at org.testng.SuiteRunnerWorker.run(SuiteRunnerWorker.java:96)
at org.testng.TestNG.runSuitesSequentially(TestNG.java:1212)
at org.testng.TestNG.runSuitesLocally(TestNG.java:1134)
at org.testng.TestNG.runSuites(TestNG.java:1063)
at org.testng.TestNG.run(TestNG.java:1031)
at org.testng.remote.AbstractRemoteTestNG.run(AbstractRemoteTestNG.java:115)
at org.testng.remote.RemoteTestNG.initAndRun(RemoteTestNG.java:251)
at org.testng.remote.RemoteTestNG.main(RemoteTestNG.java:77)
]]>
    </failure>
  </testcase> <!-- @BeforeTest launchCrossBrowser -->
  <testcase classname="InitialTest.SampleTestClass" name="@BeforeClass createPOMClassObj" time="-1.653650055197E9">
    <skipped/>
  </testcase> <!-- @BeforeClass createPOMClassObj -->
  <testcase classname="InitialTest.SampleTestClass" name="@BeforeMethod loginToApplication" time="-1.653650055212E9">
    <skipped/>
  </testcase> <!-- @BeforeMethod loginToApplication -->
  <testcase classname="InitialTest.SampleTestClass" name="@AfterMethod logoutToApplication" time="-1.653650055223E9">
    <skipped/>
  </testcase> <!-- @AfterMethod logoutToApplication -->
  <testcase classname="InitialTest.SampleTestClass" name="@BeforeMethod loginToApplication" time="-1.653650055228E9">
    <skipped/>
  </testcase> <!-- @BeforeMethod loginToApplication -->
  <testcase classname="InitialTest.SampleTestClass" name="@AfterMethod logoutToApplication" time="-1.653650055234E9">
    <skipped/>
  </testcase> <!-- @AfterMethod logoutToApplication -->
  <testcase classname="InitialTest.SampleTestClass" name="@BeforeMethod loginToApplication" time="-1.653650055235E9">
    <skipped/>
  </testcase> <!-- @BeforeMethod loginToApplication -->
  <testcase classname="InitialTest.SampleTestClass" name="@AfterMethod logoutToApplication" time="-1.653650055239E9">
    <skipped/>
  </testcase> <!-- @AfterMethod logoutToApplication -->
  <testcase classname="InitialTest.SampleTestClass" name="@AfterClass clearObject" time="-1.653650055241E9">
    <skipped/>
  </testcase> <!-- @AfterClass clearObject -->
  <testcase classname="InitialTest.SampleTestClass" name="@AfterTest CloseBrowser" time="-1.653650055243E9">
    <skipped/>
  </testcase> <!-- @AfterTest CloseBrowser -->
  <testcase classname="InitialTest.SampleTestClass" name="search" time="0.0">
    <skipped/>
  </testcase> <!-- search -->
  <testcase classname="InitialTest.SampleTestClass" name="urlandtitleverfy" time="0.0">
    <skipped/>
  </testcase> <!-- urlandtitleverfy -->
  <testcase classname="InitialTest.SampleTestClass" name="searchByAllCategory" time="0.0">
    <skipped/>
  </testcase> <!-- searchByAllCategory -->
</testsuite> <!-- Default test -->
